[debug] [2021-04-24T16:47:43.039Z] ----------------------------------------------------------------------
[debug] [2021-04-24T16:47:43.040Z] Command:       /usr/local/Cellar/node@12/12.21.0_1/bin/node /usr/local/bin/firebase serve --only hosting
[debug] [2021-04-24T16:47:43.040Z] CLI Version:   9.10.0
[debug] [2021-04-24T16:47:43.041Z] Platform:      darwin
[debug] [2021-04-24T16:47:43.041Z] Node Version:  v12.21.0
[debug] [2021-04-24T16:47:43.041Z] Time:          Sat Apr 24 2021 22:17:43 GMT+0530 (India Standard Time)
[debug] [2021-04-24T16:47:43.042Z] ----------------------------------------------------------------------
[debug] 
[debug] [2021-04-24T16:47:43.046Z] > command requires scopes: ["email","openid","https://www.googleapis.com/auth/cloudplatformprojects.readonly","https://www.googleapis.com/auth/firebase","https://www.googleapis.com/auth/cloud-platform"]
[debug] [2021-04-24T16:47:43.047Z] > authorizing via signed-in user (aarnavjindal1000@gmail.com)
[debug] [2021-04-24T16:47:43.047Z] [iam] checking project techjobs-46b44 for permissions ["firebase.projects.get"]
[debug] [2021-04-24T16:47:43.048Z] > refreshing access token with scopes: ["email","https://www.googleapis.com/auth/cloud-platform","https://www.googleapis.com/auth/cloudplatformprojects.readonly","https://www.googleapis.com/auth/firebase","openid"]
[debug] [2021-04-24T16:47:43.048Z] >>> HTTP REQUEST POST https://www.googleapis.com/oauth2/v3/token  
 <request body omitted>
[debug] [2021-04-24T16:47:43.268Z] <<< HTTP RESPONSE 200 {"expires":"Mon, 01 Jan 1990 00:00:00 GMT","date":"Sat, 24 Apr 2021 16:47:43 GMT","cache-control":"no-cache, no-store, max-age=0, must-revalidate","pragma":"no-cache","content-type":"application/json; charset=utf-8","vary":"X-Origin, Referer, Origin,Accept-Encoding","server":"scaffolding on HTTPServer2","x-xss-protection":"0","x-frame-options":"SAMEORIGIN","x-content-type-options":"nosniff","alt-svc":"h3-29=\":443\"; ma=2592000,h3-T051=\":443\"; ma=2592000,h3-Q050=\":443\"; ma=2592000,h3-Q046=\":443\"; ma=2592000,h3-Q043=\":443\"; ma=2592000,quic=\":443\"; ma=2592000; v=\"46,43\"","accept-ranges":"none","transfer-encoding":"chunked"}
[debug] [2021-04-24T16:47:43.325Z] >>> HTTP REQUEST POST https://cloudresourcemanager.googleapis.com/v1/projects/techjobs-46b44:testIamPermissions  
 {"permissions":["firebase.projects.get"]}
[debug] [2021-04-24T16:47:44.796Z] <<< HTTP RESPONSE 200 {"content-type":"application/json; charset=UTF-8","vary":"X-Origin, Referer, Origin,Accept-Encoding","date":"Sat, 24 Apr 2021 16:47:44 GMT","server":"ESF","cache-control":"private","x-xss-protection":"0","x-frame-options":"SAMEORIGIN","x-content-type-options":"nosniff","server-timing":"gfet4t7; dur=1360","alt-svc":"h3-29=\":443\"; ma=2592000,h3-T051=\":443\"; ma=2592000,h3-Q050=\":443\"; ma=2592000,h3-Q046=\":443\"; ma=2592000,h3-Q043=\":443\"; ma=2592000,quic=\":443\"; ma=2592000; v=\"46,43\"","accept-ranges":"none","transfer-encoding":"chunked"}
[debug] [2021-04-24T16:47:44.798Z] > refreshing access token with scopes: []
[debug] [2021-04-24T16:47:44.798Z] >>> HTTP REQUEST POST https://www.googleapis.com/oauth2/v3/token  
 <request body omitted>
[debug] [2021-04-24T16:47:44.985Z] <<< HTTP RESPONSE 200 {"expires":"Mon, 01 Jan 1990 00:00:00 GMT","cache-control":"no-cache, no-store, max-age=0, must-revalidate","date":"Sat, 24 Apr 2021 16:47:44 GMT","pragma":"no-cache","content-type":"application/json; charset=utf-8","vary":"X-Origin, Referer, Origin,Accept-Encoding","server":"scaffolding on HTTPServer2","x-xss-protection":"0","x-frame-options":"SAMEORIGIN","x-content-type-options":"nosniff","alt-svc":"h3-29=\":443\"; ma=2592000,h3-T051=\":443\"; ma=2592000,h3-Q050=\":443\"; ma=2592000,h3-Q046=\":443\"; ma=2592000,h3-Q043=\":443\"; ma=2592000,quic=\":443\"; ma=2592000; v=\"46,43\"","accept-ranges":"none","transfer-encoding":"chunked"}
[debug] [2021-04-24T16:47:45.042Z] >>> [apiv2][query] GET https://firebase.googleapis.com/v1beta1/projects/techjobs-46b44 [none]
[debug] [2021-04-24T16:47:45.478Z] <<< [apiv2][status] GET https://firebase.googleapis.com/v1beta1/projects/techjobs-46b44 200
[debug] [2021-04-24T16:47:45.479Z] <<< [apiv2][body] GET https://firebase.googleapis.com/v1beta1/projects/techjobs-46b44 {"projectId":"techjobs-46b44","projectNumber":"1032749279364","displayName":"TechJobs","name":"projects/techjobs-46b44","resources":{"hostingSite":"techjobs-46b44","realtimeDatabaseInstance":"techjobs-46b44","storageBucket":"techjobs-46b44.appspot.com","locationId":"asia-southeast2"},"state":"ACTIVE"}
[debug] [2021-04-24T16:47:45.479Z] >>> [apiv2][query] GET https://firebase.googleapis.com/v1beta1/projects/techjobs-46b44/webApps/-/config [none]
[debug] [2021-04-24T16:47:46.638Z] <<< [apiv2][status] GET https://firebase.googleapis.com/v1beta1/projects/techjobs-46b44/webApps/-/config 200
[debug] [2021-04-24T16:47:46.638Z] <<< [apiv2][body] GET https://firebase.googleapis.com/v1beta1/projects/techjobs-46b44/webApps/-/config {"projectId":"techjobs-46b44","appId":"1:1032749279364:web:8e9b3b52850e9e24697ad1","databaseURL":"https://techjobs-46b44.firebaseio.com","storageBucket":"techjobs-46b44.appspot.com","locationId":"asia-southeast2","apiKey":"AIzaSyCOCKFgLXlJkyuUBPyhS-lhI-u7I1AOJsw","authDomain":"techjobs-46b44.firebaseapp.com","messagingSenderId":"1032749279364","measurementId":"G-4HR24WCXW9"}
[warn] ⚠  hosting: Port 5000 is not available. Trying another port... {"metadata":{"emulator":{"name":"hosting"},"message":"\u001b[33mhosting: \u001b[39mPort 5000 is not available. Trying another port..."}}
[info] i  hosting: Serving hosting files from: public {"metadata":{"emulator":{"name":"hosting"},"message":"Serving hosting files from: \u001b[1mpublic\u001b[22m"}}
[info] ✔  hosting: Local server: http://localhost:5005 {"metadata":{"emulator":{"name":"hosting"},"message":"Local server: \u001b[4m\u001b[1mhttp://localhost:5005\u001b[22m\u001b[24m"}}
[info] i  hosting: 127.0.0.1 - - [24/Apr/2021:16:49:12 +0000] "GET / HTTP/1.1" 200 1720 "-" "Mozilla/5.0 (Macintosh; Intel Mac OS X 10_15_7) AppleWebKit/537.36 (KHTML, like Gecko) Chrome/90.0.4430.85 Safari/537.36" {"metadata":{"emulator":{"name":"hosting"},"message":"127.0.0.1 - - [24/Apr/2021:16:49:12 +0000] \"GET / HTTP/1.1\" 200 1720 \"-\" \"Mozilla/5.0 (Macintosh; Intel Mac OS X 10_15_7) AppleWebKit/537.36 (KHTML, like Gecko) Chrome/90.0.4430.85 Safari/537.36\""}}
[info] i  hosting: 127.0.0.1 - - [24/Apr/2021:16:49:12 +0000] "GET /%PUBLIC_URL%/manifest.json HTTP/1.1" 500 - "http://localhost:5005/" "Mozilla/5.0 (Macintosh; Intel Mac OS X 10_15_7) AppleWebKit/537.36 (KHTML, like Gecko) Chrome/90.0.4430.85 Safari/537.36" {"metadata":{"emulator":{"name":"hosting"},"message":"127.0.0.1 - - [24/Apr/2021:16:49:12 +0000] \"GET /%PUBLIC_URL%/manifest.json HTTP/1.1\" 500 - \"http://localhost:5005/\" \"Mozilla/5.0 (Macintosh; Intel Mac OS X 10_15_7) AppleWebKit/537.36 (KHTML, like Gecko) Chrome/90.0.4430.85 Safari/537.36\""}}
[info] i  hosting: 127.0.0.1 - - [24/Apr/2021:16:49:12 +0000] "GET /%PUBLIC_URL%/favicon.ico HTTP/1.1" 500 - "http://localhost:5005/" "Mozilla/5.0 (Macintosh; Intel Mac OS X 10_15_7) AppleWebKit/537.36 (KHTML, like Gecko) Chrome/90.0.4430.85 Safari/537.36" {"metadata":{"emulator":{"name":"hosting"},"message":"127.0.0.1 - - [24/Apr/2021:16:49:12 +0000] \"GET /%PUBLIC_URL%/favicon.ico HTTP/1.1\" 500 - \"http://localhost:5005/\" \"Mozilla/5.0 (Macintosh; Intel Mac OS X 10_15_7) AppleWebKit/537.36 (KHTML, like Gecko) Chrome/90.0.4430.85 Safari/537.36\""}}
